Determining if the pthread_create exist failed with the following output:
Change Dir: /home/takase/ros_study/ros1_melodic/catkin_ws/build/CMakeFiles/CMakeTmp

Run Build Command:"/usr/bin/make" "cmTC_3b9de/fast"
/usr/bin/make -f CMakeFiles/cmTC_3b9de.dir/build.make CMakeFiles/cmTC_3b9de.dir/build
make[1]: ディレクトリ '/home/takase/ros_study/ros1_melodic/catkin_ws/build/CMakeFiles/CMakeTmp' に入ります
Building C object CMakeFiles/cmTC_3b9de.dir/CheckSymbolExists.c.o
/usr/bin/cc    -o CMakeFiles/cmTC_3b9de.dir/CheckSymbolExists.c.o   -c /home/takase/ros_study/ros1_melodic/catkin_ws/build/CMakeFiles/CMakeTmp/CheckSymbolExists.c
Linking C executable cmTC_3b9de
/usr/bin/cmake -E cmake_link_script CMakeFiles/cmTC_3b9de.dir/link.txt --verbose=1
/usr/bin/cc      -rdynamic CMakeFiles/cmTC_3b9de.dir/CheckSymbolExists.c.o  -o cmTC_3b9de 
CMakeFiles/cmTC_3b9de.dir/CheckSymbolExists.c.o: 関数 `main' 内:
CheckSymbolExists.c:(.text+0x1b): `pthread_create' に対する定義されていない参照です
collect2: error: ld returned 1 exit status
CMakeFiles/cmTC_3b9de.dir/build.make:97: recipe for target 'cmTC_3b9de' failed
make[1]: *** [cmTC_3b9de] Error 1
make[1]: ディレクトリ '/home/takase/ros_study/ros1_melodic/catkin_ws/build/CMakeFiles/CMakeTmp' から出ます
Makefile:126: recipe for target 'cmTC_3b9de/fast' failed
make: *** [cmTC_3b9de/fast] Error 2

File /home/takase/ros_study/ros1_melodic/catkin_ws/build/CMakeFiles/CMakeTmp/CheckSymbolExists.c:
/* */
#include <pthread.h>

int main(int argc, char** argv)
{
  (void)argv;
#ifndef pthread_create
  return ((int*)(&pthread_create))[argc];
#else
  (void)argc;
  return 0;
#endif
}

Determining if the function pthread_create exists in the pthreads failed with the following output:
Change Dir: /home/takase/ros_study/ros1_melodic/catkin_ws/build/CMakeFiles/CMakeTmp

Run Build Command:"/usr/bin/make" "cmTC_14868/fast"
/usr/bin/make -f CMakeFiles/cmTC_14868.dir/build.make CMakeFiles/cmTC_14868.dir/build
make[1]: ディレクトリ '/home/takase/ros_study/ros1_melodic/catkin_ws/build/CMakeFiles/CMakeTmp' に入ります
Building C object CMakeFiles/cmTC_14868.dir/CheckFunctionExists.c.o
/usr/bin/cc   -DCHECK_FUNCTION_EXISTS=pthread_create   -o CMakeFiles/cmTC_14868.dir/CheckFunctionExists.c.o   -c /usr/share/cmake-3.10/Modules/CheckFunctionExists.c
Linking C executable cmTC_14868
/usr/bin/cmake -E cmake_link_script CMakeFiles/cmTC_14868.dir/link.txt --verbose=1
/usr/bin/cc  -DCHECK_FUNCTION_EXISTS=pthread_create    -rdynamic CMakeFiles/cmTC_14868.dir/CheckFunctionExists.c.o  -o cmTC_14868 -lpthreads 
/usr/bin/ld: -lpthreads が見つかりません
collect2: error: ld returned 1 exit status
CMakeFiles/cmTC_14868.dir/build.make:97: recipe for target 'cmTC_14868' failed
make[1]: *** [cmTC_14868] Error 1
make[1]: ディレクトリ '/home/takase/ros_study/ros1_melodic/catkin_ws/build/CMakeFiles/CMakeTmp' から出ます
Makefile:126: recipe for target 'cmTC_14868/fast' failed
make: *** [cmTC_14868/fast] Error 2


