[0.126s] DEBUG:colcon:Command line arguments: ['/usr/bin/colcon', 'build']
[0.126s] DEBUG:colcon:Parsed command line arguments: Namespace(ament_cmake_args=None, base_paths='.', build_base='build', catkin_cmake_args=None, catkin_skip_building_tests=False, cmake_args=None, cmake_clean_cache=False, cmake_clean_first=False, cmake_force_configure=False, cmake_target=None, cmake_target_skip_unavailable=False, continue_on_error=False, event_handlers=None, executor='parallel', ignore_user_meta=False, install_base='install', log_base='log', log_level=None, main=<bound method BuildVerb.main of <colcon_core.verb.build.BuildVerb object at 0x7f3941b120f0>>, merge_install=False, metas='./colcon.meta', packages_above=None, packages_above_depth=None, packages_end=None, packages_ignore=None, packages_ignore_regex=None, packages_select=None, packages_select_build_failed=False, packages_select_by_dep=None, packages_select_regex=None, packages_select_test_failures=False, packages_skip=None, packages_skip_build_finished=False, packages_skip_by_dep=None, packages_skip_regex=None, packages_skip_test_passed=False, packages_skip_up_to=None, packages_start=None, packages_up_to=None, parallel_workers=2, paths=None, symlink_install=False, test_result_base=None, verb_extension=<colcon_core.verb.build.BuildVerb object at 0x7f3941b120f0>, verb_name='build', verb_parser=<colcon_defaults.argument_parser.defaults.DefaultArgumentsDecorator object at 0x7f3941b12400>)
[0.160s] Level 1:colcon.colcon_core.package_discovery:discover_packages(colcon_meta) check parameters
[0.160s] Level 1:colcon.colcon_core.package_discovery:discover_packages(recursive) check parameters
[0.160s] Level 1:colcon.colcon_core.package_discovery:discover_packages(ignore) check parameters
[0.160s] Level 1:colcon.colcon_core.package_discovery:discover_packages(path) check parameters
[0.160s] Level 1:colcon.colcon_core.package_discovery:discover_packages(recursive) discover
[0.161s] INFO:colcon.colcon_core.package_discovery:Crawling recursively for packages in '/home/takase/ros_study/ros2_dashing/ros2_ws'
[0.161s] Level 1:colcon.colcon_core.package_identification:_identify(/home/takase/ros_study/ros2_dashing/ros2_ws) by extensions ['ignore', 'ignore_ament_install']
[0.161s] Level 1:colcon.colcon_core.package_identification:_identify(/home/takase/ros_study/ros2_dashing/ros2_ws) by extension 'ignore'
[0.161s] Level 1:colcon.colcon_core.package_identification:_identify(/home/takase/ros_study/ros2_dashing/ros2_ws) by extension 'ignore_ament_install'
[0.161s] Level 1:colcon.colcon_core.package_identification:_identify(/home/takase/ros_study/ros2_dashing/ros2_ws) by extensions ['colcon_pkg']
[0.161s] Level 1:colcon.colcon_core.package_identification:_identify(/home/takase/ros_study/ros2_dashing/ros2_ws) by extension 'colcon_pkg'
[0.161s] Level 1:colcon.colcon_core.package_identification:_identify(/home/takase/ros_study/ros2_dashing/ros2_ws) by extensions ['colcon_meta']
[0.161s] Level 1:colcon.colcon_core.package_identification:_identify(/home/takase/ros_study/ros2_dashing/ros2_ws) by extension 'colcon_meta'
[0.161s] Level 1:colcon.colcon_core.package_identification:_identify(/home/takase/ros_study/ros2_dashing/ros2_ws) by extensions ['ros']
[0.161s] Level 1:colcon.colcon_core.package_identification:_identify(/home/takase/ros_study/ros2_dashing/ros2_ws) by extension 'ros'
[0.171s] Level 1:colcon.colcon_core.package_identification:_identify(/home/takase/ros_study/ros2_dashing/ros2_ws) by extensions ['cmake', 'python']
[0.171s] Level 1:colcon.colcon_core.package_identification:_identify(/home/takase/ros_study/ros2_dashing/ros2_ws) by extension 'cmake'
[0.171s] Level 1:colcon.colcon_core.package_identification:_identify(/home/takase/ros_study/ros2_dashing/ros2_ws) by extension 'python'
[0.171s] Level 1:colcon.colcon_core.package_identification:_identify(/home/takase/ros_study/ros2_dashing/ros2_ws) by extensions ['python_setup_py']
[0.171s] Level 1:colcon.colcon_core.package_identification:_identify(/home/takase/ros_study/ros2_dashing/ros2_ws) by extension 'python_setup_py'
[0.172s] Level 1:colcon.colcon_core.package_identification:_identify(/home/takase/ros_study/ros2_dashing/ros2_ws/build) by extensions ['ignore', 'ignore_ament_install']
[0.172s] Level 1:colcon.colcon_core.package_identification:_identify(/home/takase/ros_study/ros2_dashing/ros2_ws/build) by extension 'ignore'
[0.172s] Level 1:colcon.colcon_core.package_identification:_identify(/home/takase/ros_study/ros2_dashing/ros2_ws/build) ignored
[0.172s] Level 1:colcon.colcon_core.package_identification:_identify(/home/takase/ros_study/ros2_dashing/ros2_ws/install) by extensions ['ignore', 'ignore_ament_install']
[0.172s] Level 1:colcon.colcon_core.package_identification:_identify(/home/takase/ros_study/ros2_dashing/ros2_ws/install) by extension 'ignore'
[0.172s] Level 1:colcon.colcon_core.package_identification:_identify(/home/takase/ros_study/ros2_dashing/ros2_ws/install) ignored
[0.172s] Level 1:colcon.colcon_core.package_identification:_identify(/home/takase/ros_study/ros2_dashing/ros2_ws/log) by extensions ['ignore', 'ignore_ament_install']
[0.172s] Level 1:colcon.colcon_core.package_identification:_identify(/home/takase/ros_study/ros2_dashing/ros2_ws/log) by extension 'ignore'
[0.172s] Level 1:colcon.colcon_core.package_identification:_identify(/home/takase/ros_study/ros2_dashing/ros2_ws/log) ignored
[0.173s] Level 1:colcon.colcon_core.package_identification:_identify(/home/takase/ros_study/ros2_dashing/ros2_ws/src) by extensions ['ignore', 'ignore_ament_install']
[0.173s] Level 1:colcon.colcon_core.package_identification:_identify(/home/takase/ros_study/ros2_dashing/ros2_ws/src) by extension 'ignore'
[0.173s] Level 1:colcon.colcon_core.package_identification:_identify(/home/takase/ros_study/ros2_dashing/ros2_ws/src) by extension 'ignore_ament_install'
[0.173s] Level 1:colcon.colcon_core.package_identification:_identify(/home/takase/ros_study/ros2_dashing/ros2_ws/src) by extensions ['colcon_pkg']
[0.173s] Level 1:colcon.colcon_core.package_identification:_identify(/home/takase/ros_study/ros2_dashing/ros2_ws/src) by extension 'colcon_pkg'
[0.173s] Level 1:colcon.colcon_core.package_identification:_identify(/home/takase/ros_study/ros2_dashing/ros2_ws/src) by extensions ['colcon_meta']
[0.173s] Level 1:colcon.colcon_core.package_identification:_identify(/home/takase/ros_study/ros2_dashing/ros2_ws/src) by extension 'colcon_meta'
[0.173s] Level 1:colcon.colcon_core.package_identification:_identify(/home/takase/ros_study/ros2_dashing/ros2_ws/src) by extensions ['ros']
[0.173s] Level 1:colcon.colcon_core.package_identification:_identify(/home/takase/ros_study/ros2_dashing/ros2_ws/src) by extension 'ros'
[0.173s] Level 1:colcon.colcon_core.package_identification:_identify(/home/takase/ros_study/ros2_dashing/ros2_ws/src) by extensions ['cmake', 'python']
[0.173s] Level 1:colcon.colcon_core.package_identification:_identify(/home/takase/ros_study/ros2_dashing/ros2_ws/src) by extension 'cmake'
[0.173s] Level 1:colcon.colcon_core.package_identification:_identify(/home/takase/ros_study/ros2_dashing/ros2_ws/src) by extension 'python'
[0.173s] Level 1:colcon.colcon_core.package_identification:_identify(/home/takase/ros_study/ros2_dashing/ros2_ws/src) by extensions ['python_setup_py']
[0.174s] Level 1:colcon.colcon_core.package_identification:_identify(/home/takase/ros_study/ros2_dashing/ros2_ws/src) by extension 'python_setup_py'
[0.174s] Level 1:colcon.colcon_core.package_discovery:discover_packages(recursive) using defaults
[0.177s] INFO:colcon.colcon_core.executor:Executing jobs using 'parallel' executor
[0.177s] DEBUG:colcon.colcon_parallel_executor.executor.parallel:run_until_complete
[0.178s] DEBUG:colcon.colcon_parallel_executor.executor.parallel:closing loop
[0.178s] DEBUG:colcon.colcon_parallel_executor.executor.parallel:loop closed
[0.178s] DEBUG:colcon.colcon_parallel_executor.executor.parallel:run_until_complete finished with '0'
[0.178s] DEBUG:colcon.colcon_core.event_reactor:joining thread
[0.183s] INFO:colcon.colcon_core.plugin_system:Skipping extension 'colcon_notification.desktop_notification.terminal_notifier': Not used on non-Darwin systems
[0.183s] INFO:colcon.colcon_core.plugin_system:Skipping extension 'colcon_notification.desktop_notification.win32': Not used on non-Windows systems
[0.183s] INFO:colcon.colcon_notification.desktop_notification:Sending desktop notification using 'notify2'
[0.186s] DEBUG:colcon.colcon_core.event_reactor:joined thread
[0.189s] INFO:colcon.colcon_core.plugin_system:Skipping extension 'colcon_core.shell.bat': Not used on non-Windows systems
[0.189s] INFO:colcon.colcon_core.shell:Creating prefix script '/home/takase/ros_study/ros2_dashing/ros2_ws/install/local_setup.ps1'
[0.191s] INFO:colcon.colcon_core.shell:Creating prefix chain script '/home/takase/ros_study/ros2_dashing/ros2_ws/install/setup.ps1'
[0.194s] INFO:colcon.colcon_core.shell:Creating prefix script '/home/takase/ros_study/ros2_dashing/ros2_ws/install/local_setup.sh'
[0.195s] INFO:colcon.colcon_core.shell:Creating prefix chain script '/home/takase/ros_study/ros2_dashing/ros2_ws/install/setup.sh'
[0.197s] INFO:colcon.colcon_core.shell:Creating prefix script '/home/takase/ros_study/ros2_dashing/ros2_ws/install/local_setup.bash'
[0.197s] INFO:colcon.colcon_core.shell:Creating prefix chain script '/home/takase/ros_study/ros2_dashing/ros2_ws/install/setup.bash'
[0.199s] INFO:colcon.colcon_core.shell:Creating prefix script '/home/takase/ros_study/ros2_dashing/ros2_ws/install/local_setup.zsh'
[0.200s] INFO:colcon.colcon_core.shell:Creating prefix chain script '/home/takase/ros_study/ros2_dashing/ros2_ws/install/setup.zsh'
